<?xml version="1.0" encoding="UTF-8"?>
<testsuite name="org.freo.purchase.PurchaseApplicationTests" tests="6" skipped="0" failures="0" errors="0" timestamp="2018-12-04T20:33:00" hostname="Pauls-MBP-3.home" time="1.964">
  <properties/>
  <testcase name="testPOST_Level1" classname="org.freo.purchase.PurchaseApplicationTests" time="1.293"/>
  <testcase name="testPOST_Level2" classname="org.freo.purchase.PurchaseApplicationTests" time="0.07"/>
  <testcase name="TestGets_Level2" classname="org.freo.purchase.PurchaseApplicationTests" time="0.2"/>
  <testcase name="TestDelete_Level2" classname="org.freo.purchase.PurchaseApplicationTests" time="0.158"/>
  <testcase name="testGET_Level3" classname="org.freo.purchase.PurchaseApplicationTests" time="0.127"/>
  <testcase name="TestPut_Level2" classname="org.freo.purchase.PurchaseApplicationTests" time="0.111"/>
  <system-out><![CDATA[20:32:55.831 [Test worker] DEBUG org.springframework.test.context.junit4.SpringJUnit4ClassRunner - SpringJUnit4ClassRunner constructor called with [class org.freo.purchase.PurchaseApplicationTests]
20:32:55.846 [Test worker] DEBUG org.springframework.test.context.BootstrapUtils - Instantiating CacheAwareContextLoaderDelegate from class [org.springframework.test.context.cache.DefaultCacheAwareContextLoaderDelegate]
20:32:55.859 [Test worker] DEBUG org.springframework.test.context.BootstrapUtils - Instantiating BootstrapContext using constructor [public org.springframework.test.context.support.DefaultBootstrapContext(java.lang.Class,org.springframework.test.context.CacheAwareContextLoaderDelegate)]
20:32:55.892 [Test worker] DEBUG org.springframework.test.context.BootstrapUtils - Instantiating TestContextBootstrapper for test class [org.freo.purchase.PurchaseApplicationTests] from class [org.springframework.boot.test.context.SpringBootTestContextBootstrapper]
20:32:55.915 [Test worker] INFO org.springframework.boot.test.context.SpringBootTestContextBootstrapper - Neither @ContextConfiguration nor @ContextHierarchy found for test class [org.freo.purchase.PurchaseApplicationTests], using SpringBootContextLoader
20:32:55.923 [Test worker] DEBUG org.springframework.test.context.support.AbstractContextLoader - Did not detect default resource location for test class [org.freo.purchase.PurchaseApplicationTests]: class path resource [org/freo/purchase/PurchaseApplicationTests-context.xml] does not exist
20:32:55.925 [Test worker] DEBUG org.springframework.test.context.support.AbstractContextLoader - Did not detect default resource location for test class [org.freo.purchase.PurchaseApplicationTests]: class path resource [org/freo/purchase/PurchaseApplicationTestsContext.groovy] does not exist
20:32:55.925 [Test worker] INFO org.springframework.test.context.support.AbstractContextLoader - Could not detect default resource locations for test class [org.freo.purchase.PurchaseApplicationTests]: no resource found for suffixes {-context.xml, Context.groovy}.
20:32:55.995 [Test worker] DEBUG org.springframework.test.context.support.ActiveProfilesUtils - Could not find an 'annotation declaring class' for annotation type [org.springframework.test.context.ActiveProfiles] and class [org.freo.purchase.PurchaseApplicationTests]
20:32:56.257 [Test worker] DEBUG org.springframework.boot.test.context.SpringBootTestContextBootstrapper - @TestExecutionListeners is not present for class [org.freo.purchase.PurchaseApplicationTests]: using defaults.
20:32:56.258 [Test worker] INFO org.springframework.boot.test.context.SpringBootTestContextBootstrapper - Loaded default TestExecutionListener class names from location [META-INF/spring.factories]: [org.springframework.boot.test.autoconfigure.restdocs.RestDocsTestExecutionListener, org.springframework.boot.test.autoconfigure.web.client.MockRestServiceServerResetTestExecutionListener, org.springframework.boot.test.autoconfigure.web.servlet.MockMvcPrintOnlyOnFailureTestExecutionListener, org.springframework.boot.test.autoconfigure.web.servlet.WebDriverTestExecutionListener, org.springframework.boot.test.mock.mockito.MockitoTestExecutionListener, org.springframework.boot.test.mock.mockito.ResetMocksTestExecutionListener, org.springframework.test.context.web.ServletTestExecutionListener, org.springframework.test.context.support.DirtiesContextBeforeModesTestExecutionListener, org.springframework.test.context.support.DependencyInjectionTestExecutionListener, org.springframework.test.context.support.DirtiesContextTestExecutionListener, org.springframework.test.context.transaction.TransactionalTestExecutionListener, org.springframework.test.context.jdbc.SqlScriptsTestExecutionListener]
20:32:56.281 [Test worker] DEBUG org.springframework.boot.test.context.SpringBootTestContextBootstrapper - Skipping candidate TestExecutionListener [org.springframework.test.context.transaction.TransactionalTestExecutionListener] due to a missing dependency. Specify custom listener classes or make the default listener classes and their required dependencies available. Offending class: [org/springframework/transaction/interceptor/TransactionAttributeSource]
20:32:56.283 [Test worker] DEBUG org.springframework.boot.test.context.SpringBootTestContextBootstrapper - Skipping candidate TestExecutionListener [org.springframework.test.context.jdbc.SqlScriptsTestExecutionListener] due to a missing dependency. Specify custom listener classes or make the default listener classes and their required dependencies available. Offending class: [org/springframework/transaction/interceptor/TransactionAttribute]
20:32:56.284 [Test worker] INFO org.springframework.boot.test.context.SpringBootTestContextBootstrapper - Using TestExecutionListeners: [org.springframework.test.context.web.ServletTestExecutionListener@4514153c, org.springframework.test.context.support.DirtiesContextBeforeModesTestExecutionListener@6a8a02d0, org.springframework.boot.test.mock.mockito.MockitoTestExecutionListener@276b217e, org.springframework.boot.test.autoconfigure.SpringBootDependencyInjectionTestExecutionListener@7c6a3bfe, org.springframework.test.context.support.DirtiesContextTestExecutionListener@19327cba, org.springframework.boot.test.autoconfigure.restdocs.RestDocsTestExecutionListener@231471ce, org.springframework.boot.test.autoconfigure.web.client.MockRestServiceServerResetTestExecutionListener@5d0ac403, org.springframework.boot.test.autoconfigure.web.servlet.MockMvcPrintOnlyOnFailureTestExecutionListener@7092b197, org.springframework.boot.test.autoconfigure.web.servlet.WebDriverTestExecutionListener@7a4fc493, org.springframework.boot.test.mock.mockito.ResetMocksTestExecutionListener@7a555015]
20:32:56.306 [Test worker] DEBUG org.springframework.test.annotation.ProfileValueUtils - Retrieved @ProfileValueSourceConfiguration [null] for test class [org.freo.purchase.PurchaseApplicationTests]
20:32:56.307 [Test worker] DEBUG org.springframework.test.annotation.ProfileValueUtils - Retrieved ProfileValueSource type [class org.springframework.test.annotation.SystemProfileValueSource] for class [org.freo.purchase.PurchaseApplicationTests]
20:32:56.308 [Test worker] DEBUG org.springframework.test.annotation.ProfileValueUtils - Retrieved @ProfileValueSourceConfiguration [null] for test class [org.freo.purchase.PurchaseApplicationTests]
20:32:56.308 [Test worker] DEBUG org.springframework.test.annotation.ProfileValueUtils - Retrieved ProfileValueSource type [class org.springframework.test.annotation.SystemProfileValueSource] for class [org.freo.purchase.PurchaseApplicationTests]
20:32:56.315 [Test worker] DEBUG org.springframework.test.context.support.AbstractDirtiesContextTestExecutionListener - Before test class: context [DefaultTestContext@46e8dca1 testClass = PurchaseApplicationTests, testInstance = [null], testMethod = [null], testException = [null], mergedContextConfiguration = [WebMergedContextConfiguration@3a1100e2 testClass = PurchaseApplicationTests, locations = '{}', classes = '{class org.freo.purchase.PurchaseApplication, class org.freo.purchase.PurchaseApplication}', contextInitializerClasses = '[]', activeProfiles = '{}', propertySourceLocations = '{}', propertySourceProperties = '{org.springframework.boot.test.context.SpringBootTestContextBootstrapper=true}', contextCustomizers = set[org.springframework.boot.test.autoconfigure.properties.PropertyMappingContextCustomizer@0, org.springframework.boot.test.autoconfigure.web.servlet.WebDriverContextCustomizerFactory$Customizer@7ba1b9ab, org.springframework.boot.test.context.filter.ExcludeFilterContextCustomizer@193d4931, org.springframework.boot.test.json.DuplicateJsonObjectContextCustomizerFactory$DuplicateJsonObjectContextCustomizer@51b0d33a, org.springframework.boot.test.mock.mockito.MockitoContextCustomizer@0, org.springframework.boot.test.web.client.TestRestTemplateContextCustomizer@32d01ba5], resourceBasePath = 'src/main/webapp', contextLoader = 'org.springframework.boot.test.context.SpringBootContextLoader', parent = [null]], attributes = map['org.springframework.test.context.web.ServletTestExecutionListener.activateListener' -> false]], class annotated with @DirtiesContext [false] with mode [null].
20:32:56.316 [Test worker] DEBUG org.springframework.test.annotation.ProfileValueUtils - Retrieved @ProfileValueSourceConfiguration [null] for test class [org.freo.purchase.PurchaseApplicationTests]
20:32:56.316 [Test worker] DEBUG org.springframework.test.annotation.ProfileValueUtils - Retrieved ProfileValueSource type [class org.springframework.test.annotation.SystemProfileValueSource] for class [org.freo.purchase.PurchaseApplicationTests]
20:32:56.322 [Test worker] DEBUG org.springframework.test.context.support.DependencyInjectionTestExecutionListener - Performing dependency injection for test context [[DefaultTestContext@46e8dca1 testClass = PurchaseApplicationTests, testInstance = org.freo.purchase.PurchaseApplicationTests@6d76034a, testMethod = [null], testException = [null], mergedContextConfiguration = [WebMergedContextConfiguration@3a1100e2 testClass = PurchaseApplicationTests, locations = '{}', classes = '{class org.freo.purchase.PurchaseApplication, class org.freo.purchase.PurchaseApplication}', contextInitializerClasses = '[]', activeProfiles = '{}', propertySourceLocations = '{}', propertySourceProperties = '{org.springframework.boot.test.context.SpringBootTestContextBootstrapper=true}', contextCustomizers = set[org.springframework.boot.test.autoconfigure.properties.PropertyMappingContextCustomizer@0, org.springframework.boot.test.autoconfigure.web.servlet.WebDriverContextCustomizerFactory$Customizer@7ba1b9ab, org.springframework.boot.test.context.filter.ExcludeFilterContextCustomizer@193d4931, org.springframework.boot.test.json.DuplicateJsonObjectContextCustomizerFactory$DuplicateJsonObjectContextCustomizer@51b0d33a, org.springframework.boot.test.mock.mockito.MockitoContextCustomizer@0, org.springframework.boot.test.web.client.TestRestTemplateContextCustomizer@32d01ba5], resourceBasePath = 'src/main/webapp', contextLoader = 'org.springframework.boot.test.context.SpringBootContextLoader', parent = [null]], attributes = map['org.springframework.test.context.web.ServletTestExecutionListener.activateListener' -> false]]].
20:32:56.345 [Test worker] DEBUG org.springframework.test.context.support.TestPropertySourceUtils - Adding inlined properties to environment: {spring.jmx.enabled=false, org.springframework.boot.test.context.SpringBootTestContextBootstrapper=true}

  .   ____          _            __ _ _
 /\\ / ___'_ __ _ _(_)_ __  __ _ \ \ \ \
( ( )\___ | '_ | '_| | '_ \/ _` | \ \ \ \
 \\/  ___)| |_)| | | | | || (_| |  ) ) ) )
  '  |____| .__|_| |_|_| |_\__, | / / / /
 =========|_|==============|___/=/_/_/_/
 :: Spring Boot ::        (v2.1.1.RELEASE)

2018-12-04 20:32:56.897  WARN 74319 --- [    Test worker] ory$DuplicateJsonObjectContextCustomizer : 

Found multiple occurrences of org.json.JSONObject on the class path:

	jar:file:/Users/paul/.gradle/caches/modules-2/files-2.1/org.json/json/20160212/a742e3f85161835b95877478c5dd5b405cefaab9/json-20160212.jar!/org/json/JSONObject.class
	jar:file:/Users/paul/.gradle/caches/modules-2/files-2.1/com.vaadin.external.google/android-json/0.0.20131108.vaadin1/fa26d351fe62a6a17f5cda1287c1c6110dec413f/android-json-0.0.20131108.vaadin1.jar!/org/json/JSONObject.class

You may wish to exclude one of them to ensure predictable runtime behavior

2018-12-04 20:32:56.924  INFO 74319 --- [    Test worker] o.f.purchase.PurchaseApplicationTests    : Starting PurchaseApplicationTests on Pauls-MBP-3.home with PID 74319 (started by paul in /Users/paul/repos/PSBComplete)
2018-12-04 20:32:56.925  INFO 74319 --- [    Test worker] o.f.purchase.PurchaseApplicationTests    : No active profile set, falling back to default profiles: default
2018-12-04 20:32:58.699  INFO 74319 --- [    Test worker] o.s.b.w.embedded.tomcat.TomcatWebServer  : Tomcat initialized with port(s): 8080 (http)
2018-12-04 20:32:58.738  INFO 74319 --- [    Test worker] o.apache.catalina.core.StandardService   : Starting service [Tomcat]
2018-12-04 20:32:58.738  INFO 74319 --- [    Test worker] org.apache.catalina.core.StandardEngine  : Starting Servlet Engine: Apache Tomcat/9.0.13
2018-12-04 20:32:58.754  INFO 74319 --- [    Test worker] o.a.catalina.core.AprLifecycleListener   : The APR based Apache Tomcat Native library which allows optimal performance in production environments was not found on the java.library.path: [/Users/paul/Library/Java/Extensions:/Library/Java/Extensions:/Network/Library/Java/Extensions:/System/Library/Java/Extensions:/usr/lib/java:.]
2018-12-04 20:32:58.903  INFO 74319 --- [    Test worker] o.a.c.c.C.[Tomcat].[localhost].[/]       : Initializing Spring embedded WebApplicationContext
2018-12-04 20:32:58.903  INFO 74319 --- [    Test worker] o.s.web.context.ContextLoader            : Root WebApplicationContext: initialization completed in 1954 ms
2018-12-04 20:33:00.192  INFO 74319 --- [    Test worker] o.s.b.w.embedded.tomcat.TomcatWebServer  : Tomcat started on port(s): 8080 (http) with context path ''
2018-12-04 20:33:00.201  INFO 74319 --- [    Test worker] o.f.purchase.PurchaseApplicationTests    : Started PurchaseApplicationTests in 3.854 seconds (JVM running for 5.927)
]]></system-out>
  <system-err><![CDATA[]]></system-err>
</testsuite>
